<?xml version="1.0" encoding="UTF-8"?>
<!-- Generated by org.testng.reporters.JUnitXMLReporter -->
<testsuite hostname="DESKTOP-1UP57FE" name="Default test" tests="4" failures="0" timestamp="23 Feb 2019 20:21:12 GMT" time="1.241" errors="0">
  <testcase name="testCreateReservation" time="0.376" classname="daotests.ReservationDAOTesting"/>
  <testcase name="testGetAllReservations" time="0.078" classname="daotests.ReservationDAOTesting"/>
  <testcase name="testGetAllReservationsByCustomerId" time="0.036" classname="daotests.ReservationDAOTesting"/>
  <testcase name="testDelete" time="0.713" classname="daotests.ReservationDAOTesting"/>
</testsuite> <!-- Default test -->
