<?xml version="1.0" encoding="UTF-8"?>
<!-- Generated by org.testng.reporters.JUnitXMLReporter -->
<testsuite hostname="PETER" name="Default test" tests="3" failures="0" timestamp="1 Mar 2019 01:58:55 GMT" time="2.048" errors="0">
  <testcase name="testGet19Rooms" time="0.581" classname="daotests.RoomDAOTesting"/>
  <testcase name="testGetAll21Rooms" time="0.097" classname="daotests.RoomDAOTesting"/>
  <testcase name="testGetRoom" time="1.259" classname="daotests.RoomDAOTesting"/>
</testsuite> <!-- Default test -->
