<?xml version="1.0" encoding="UTF-8"?>
<testng-results skipped="0" failed="0" total="3" passed="3">
  <reporter-output>
  </reporter-output>
  <suite name="Default suite" duration-ms="2048" started-at="2019-03-01T01:58:53Z" finished-at="2019-03-01T01:58:55Z">
    <groups>
    </groups>
    <test name="Default test" duration-ms="2048" started-at="2019-03-01T01:58:53Z" finished-at="2019-03-01T01:58:55Z">
      <class name="daotests.RoomDAOTesting">
        <test-method status="PASS" signature="testGet19Rooms()[pri:0, instance:daotests.RoomDAOTesting@27a0a5a2]" name="testGet19Rooms" duration-ms="581" started-at="2019-02-28T20:58:53Z" finished-at="2019-02-28T20:58:53Z">
          <reporter-output>
          </reporter-output>
        </test-method> <!-- testGet19Rooms -->
        <test-method status="PASS" signature="testGetAll21Rooms()[pri:0, instance:daotests.RoomDAOTesting@27a0a5a2]" name="testGetAll21Rooms" duration-ms="97" started-at="2019-02-28T20:58:53Z" finished-at="2019-02-28T20:58:53Z">
          <reporter-output>
          </reporter-output>
        </test-method> <!-- testGetAll21Rooms -->
        <test-method status="PASS" signature="testGetRoom()[pri:0, instance:daotests.RoomDAOTesting@27a0a5a2]" name="testGetRoom" duration-ms="1259" started-at="2019-02-28T20:58:53Z" finished-at="2019-02-28T20:58:55Z">
          <reporter-output>
          </reporter-output>
        </test-method> <!-- testGetRoom -->
      </class> <!-- daotests.RoomDAOTesting -->
    </test> <!-- Default test -->
  </suite> <!-- Default suite -->
</testng-results>
