<?xml version="1.0" encoding="UTF-8"?>
<testng-results skipped="0" failed="0" total="2" passed="2">
  <reporter-output>
  </reporter-output>
  <suite name="Default suite" duration-ms="531" started-at="2019-02-25T19:16:22Z" finished-at="2019-02-25T19:16:23Z">
    <groups>
    </groups>
    <test name="Default test" duration-ms="531" started-at="2019-02-25T19:16:22Z" finished-at="2019-02-25T19:16:23Z">
      <class name="daotests.RoomDAOTesting">
        <test-method status="PASS" signature="testGet19Rooms()[pri:0, instance:daotests.RoomDAOTesting@a23a01d]" name="testGet19Rooms" duration-ms="422" started-at="2019-02-25T14:16:22Z" finished-at="2019-02-25T14:16:23Z">
          <reporter-output>
          </reporter-output>
        </test-method> <!-- testGet19Rooms -->
        <test-method status="PASS" signature="testGetAll21Rooms()[pri:0, instance:daotests.RoomDAOTesting@a23a01d]" name="testGetAll21Rooms" duration-ms="62" started-at="2019-02-25T14:16:23Z" finished-at="2019-02-25T14:16:23Z">
          <reporter-output>
          </reporter-output>
        </test-method> <!-- testGetAll21Rooms -->
      </class> <!-- daotests.RoomDAOTesting -->
    </test> <!-- Default test -->
  </suite> <!-- Default suite -->
</testng-results>
